<?xml version="1.0" encoding="UTF-8"?>
<!-- Generated by org.testng.reporters.JUnitReportReporter -->
<testsuite hostname="prbrad2" name="ddd.SomeThign" tests="1" failures="0" timestamp="11 Feb 2019 10:49:37 GMT" time="0.000" errors="0">
  <testcase name="someDdddd" time="0.000" classname="ddd.SomeThign"/>
</testsuite> <!-- ddd.SomeThign -->
